read_checkpoint ./Synth/mkZynqTop/mkZynqTop-synth.dcp
    Elapsed time 1 seconds
read_xdc /home/ubuntu/connectal/constraints/xilinx/zedboard.xdc
    Elapsed time 0 seconds
read_xdc /home/ubuntu/connectal/constraints/xilinx/zc7z020clg484.xdc
    Elapsed time 0 seconds
link_design -top mkZynqTop
    Elapsed time 15 seconds
write_checkpoint -force ./Impl/TopDown/top-post-link.dcp
    Elapsed time 0 seconds
opt_design
    Elapsed time 1 seconds
write_checkpoint -force ./Impl/TopDown/top-post-opt.dcp
    Elapsed time 0 seconds
place_design
    Elapsed time 28 seconds
write_checkpoint -force ./Impl/TopDown/top-post-place.dcp
    Elapsed time 1 seconds
phys_opt_design
    Elapsed time 0 seconds
write_checkpoint -force ./Impl/TopDown/top-post-phys-opt.dcp
    Elapsed time 1 seconds
route_design
    Elapsed time 40 seconds
write_checkpoint -force ./Impl/TopDown/top-post-route.dcp
    Elapsed time 0 seconds
write_bitstream -bin_file -force Impl/TopDown/mkTop.bit
    Elapsed time 35 seconds
