Command: place_design
Attempting to get a license for feature 'Implementation' and/or device 'xc7z020'
INFO: [Common 17-349] Got license for feature 'Implementation' and/or device 'xc7z020'
INFO: [Drc 23-27] Running DRC with 4 threads
INFO: [Vivado_Tcl 4-198] DRC finished with 0 Errors
INFO: [Vivado_Tcl 4-199] Please refer to the DRC report (report_drc) for more information.
Running DRC as a precondition to command place_design
INFO: [Drc 23-27] Running DRC with 4 threads
INFO: [Vivado_Tcl 4-198] DRC finished with 0 Errors
INFO: [Vivado_Tcl 4-199] Please refer to the DRC report (report_drc) for more information.

Starting Placer Task
INFO: [Place 30-611] Multithreading enabled for place_design using a maximum of 4 CPUs

Phase 1 Placer Runtime Estimator
Phase 1 Placer Runtime Estimator | Checksum: f8a2cda4

Time (s): cpu = 00:00:00.05 ; elapsed = 00:00:00.05 . Memory (MB): peak = 1561.766 ; gain = 0.004 ; free physical = 12204 ; free virtual = 13575

Phase 2 Placer Initialization

Phase 2.1 Placer Initialization Core
Netlist sorting complete. Time (s): cpu = 00:00:00 ; elapsed = 00:00:00.01 . Memory (MB): peak = 1561.766 ; gain = 0.000 ; free physical = 12204 ; free virtual = 13575
Netlist sorting complete. Time (s): cpu = 00:00:00 ; elapsed = 00:00:00 . Memory (MB): peak = 1561.766 ; gain = 0.000 ; free physical = 12204 ; free virtual = 13575

Phase 2.1.1 IO Placement/ Clock Placement/ Build Placer Device

Phase 2.1.1.1 Pre-Place Cells
Phase 2.1.1.1 Pre-Place Cells | Checksum: f81477bc

Time (s): cpu = 00:00:00.12 ; elapsed = 00:00:00.17 . Memory (MB): peak = 1561.766 ; gain = 0.004 ; free physical = 12203 ; free virtual = 13575

Phase 2.1.1.2 IO & Clk Clean Up
Phase 2.1.1.2 IO & Clk Clean Up | Checksum: f81477bc

Time (s): cpu = 00:00:05 ; elapsed = 00:00:16 . Memory (MB): peak = 1567.773 ; gain = 6.012 ; free physical = 12203 ; free virtual = 13575

Phase 2.1.1.3 Implementation Feasibility check On IDelay
Phase 2.1.1.3 Implementation Feasibility check On IDelay | Checksum: f81477bc

Time (s): cpu = 00:00:05 ; elapsed = 00:00:16 . Memory (MB): peak = 1567.773 ; gain = 6.012 ; free physical = 12203 ; free virtual = 13575

Phase 2.1.1.4 Commit IO Placement
Phase 2.1.1.4 Commit IO Placement | Checksum: af5de1fa

Time (s): cpu = 00:00:05 ; elapsed = 00:00:17 . Memory (MB): peak = 1567.773 ; gain = 6.012 ; free physical = 12203 ; free virtual = 13575
Phase 2.1.1 IO Placement/ Clock Placement/ Build Placer Device | Checksum: ce685edd

Time (s): cpu = 00:00:05 ; elapsed = 00:00:17 . Memory (MB): peak = 1567.773 ; gain = 6.012 ; free physical = 12203 ; free virtual = 13575

Phase 2.1.2 Build Placer Netlist Model

Phase 2.1.2.1 Place Init Design

Phase 2.1.2.1.1 Init Lut Pin Assignment
Phase 2.1.2.1.1 Init Lut Pin Assignment | Checksum: 18210fdd5

Time (s): cpu = 00:00:05 ; elapsed = 00:00:17 . Memory (MB): peak = 1567.773 ; gain = 6.012 ; free physical = 12203 ; free virtual = 13575
Phase 2.1.2.1 Place Init Design | Checksum: 12ec952b8

Time (s): cpu = 00:00:07 ; elapsed = 00:00:17 . Memory (MB): peak = 1567.773 ; gain = 6.012 ; free physical = 12203 ; free virtual = 13575
Phase 2.1.2 Build Placer Netlist Model | Checksum: 12ec952b8

Time (s): cpu = 00:00:07 ; elapsed = 00:00:17 . Memory (MB): peak = 1567.773 ; gain = 6.012 ; free physical = 12203 ; free virtual = 13575

Phase 2.1.3 Constrain Clocks/Macros

Phase 2.1.3.1 Constrain Global/Regional Clocks
Phase 2.1.3.1 Constrain Global/Regional Clocks | Checksum: 12ec952b8

Time (s): cpu = 00:00:07 ; elapsed = 00:00:17 . Memory (MB): peak = 1567.773 ; gain = 6.012 ; free physical = 12203 ; free virtual = 13575
Phase 2.1.3 Constrain Clocks/Macros | Checksum: 12ec952b8

Time (s): cpu = 00:00:07 ; elapsed = 00:00:17 . Memory (MB): peak = 1567.773 ; gain = 6.012 ; free physical = 12203 ; free virtual = 13575
Phase 2.1 Placer Initialization Core | Checksum: 12ec952b8

Time (s): cpu = 00:00:07 ; elapsed = 00:00:17 . Memory (MB): peak = 1567.773 ; gain = 6.012 ; free physical = 12203 ; free virtual = 13575
Phase 2 Placer Initialization | Checksum: 12ec952b8

Time (s): cpu = 00:00:07 ; elapsed = 00:00:17 . Memory (MB): peak = 1567.773 ; gain = 6.012 ; free physical = 12203 ; free virtual = 13575

Phase 3 Global Placement
Phase 3 Global Placement | Checksum: ddf979f9

Time (s): cpu = 00:00:11 ; elapsed = 00:00:20 . Memory (MB): peak = 1575.789 ; gain = 14.027 ; free physical = 12200 ; free virtual = 13573

Phase 4 Detail Placement

Phase 4.1 Commit Multi Column Macros
Phase 4.1 Commit Multi Column Macros | Checksum: ddf979f9

Time (s): cpu = 00:00:11 ; elapsed = 00:00:20 . Memory (MB): peak = 1575.789 ; gain = 14.027 ; free physical = 12200 ; free virtual = 13573

Phase 4.2 Commit Most Macros & LUTRAMs
Phase 4.2 Commit Most Macros & LUTRAMs | Checksum: aa714ce1

Time (s): cpu = 00:00:12 ; elapsed = 00:00:20 . Memory (MB): peak = 1583.797 ; gain = 22.035 ; free physical = 12192 ; free virtual = 13566

Phase 4.3 Area Swap Optimization
Phase 4.3 Area Swap Optimization | Checksum: dacab7b8

Time (s): cpu = 00:00:12 ; elapsed = 00:00:20 . Memory (MB): peak = 1583.797 ; gain = 22.035 ; free physical = 12192 ; free virtual = 13566

Phase 4.4 updateClock Trees: DP
Phase 4.4 updateClock Trees: DP | Checksum: dacab7b8

Time (s): cpu = 00:00:12 ; elapsed = 00:00:20 . Memory (MB): peak = 1583.797 ; gain = 22.035 ; free physical = 12192 ; free virtual = 13566

Phase 4.5 Timing Path Optimizer
Phase 4.5 Timing Path Optimizer | Checksum: fe948f03

Time (s): cpu = 00:00:12 ; elapsed = 00:00:21 . Memory (MB): peak = 1583.797 ; gain = 22.035 ; free physical = 12192 ; free virtual = 13566

Phase 4.6 Small Shape Detail Placement

Phase 4.6.1 Commit Small Macros & Core Logic

Phase 4.6.1.1 setBudgets
Phase 4.6.1.1 setBudgets | Checksum: cb8c10d0

Time (s): cpu = 00:00:12 ; elapsed = 00:00:21 . Memory (MB): peak = 1583.797 ; gain = 22.035 ; free physical = 12192 ; free virtual = 13566

Phase 4.6.1.2 Commit Slice Clusters
Phase 4.6.1.2 Commit Slice Clusters | Checksum: 125930788

Time (s): cpu = 00:00:13 ; elapsed = 00:00:21 . Memory (MB): peak = 1583.797 ; gain = 22.035 ; free physical = 12186 ; free virtual = 13559
Phase 4.6.1 Commit Small Macros & Core Logic | Checksum: 125930788

Time (s): cpu = 00:00:13 ; elapsed = 00:00:21 . Memory (MB): peak = 1583.797 ; gain = 22.035 ; free physical = 12186 ; free virtual = 13559

Phase 4.6.2 Clock Restriction Legalization for Leaf Columns
Phase 4.6.2 Clock Restriction Legalization for Leaf Columns | Checksum: 125930788

Time (s): cpu = 00:00:13 ; elapsed = 00:00:21 . Memory (MB): peak = 1583.797 ; gain = 22.035 ; free physical = 12186 ; free virtual = 13559

Phase 4.6.3 Clock Restriction Legalization for Non-Clock Pins
Phase 4.6.3 Clock Restriction Legalization for Non-Clock Pins | Checksum: 125930788

Time (s): cpu = 00:00:13 ; elapsed = 00:00:21 . Memory (MB): peak = 1583.797 ; gain = 22.035 ; free physical = 12186 ; free virtual = 13559
Phase 4.6 Small Shape Detail Placement | Checksum: 125930788

Time (s): cpu = 00:00:13 ; elapsed = 00:00:21 . Memory (MB): peak = 1583.797 ; gain = 22.035 ; free physical = 12186 ; free virtual = 13559

Phase 4.7 Re-assign LUT pins
Phase 4.7 Re-assign LUT pins | Checksum: 125930788

Time (s): cpu = 00:00:13 ; elapsed = 00:00:21 . Memory (MB): peak = 1583.797 ; gain = 22.035 ; free physical = 12186 ; free virtual = 13559
Phase 4 Detail Placement | Checksum: 125930788

Time (s): cpu = 00:00:13 ; elapsed = 00:00:21 . Memory (MB): peak = 1583.797 ; gain = 22.035 ; free physical = 12186 ; free virtual = 13559

Phase 5 Post Placement Optimization and Clean-Up

Phase 5.1 PCOPT Shape updates
Phase 5.1 PCOPT Shape updates | Checksum: 1740b18e0

Time (s): cpu = 00:00:13 ; elapsed = 00:00:21 . Memory (MB): peak = 1583.797 ; gain = 22.035 ; free physical = 12186 ; free virtual = 13559

Phase 5.2 Post Commit Optimization

Phase 5.2.1 updateClock Trees: PCOPT
Phase 5.2.1 updateClock Trees: PCOPT | Checksum: 1740b18e0

Time (s): cpu = 00:00:13 ; elapsed = 00:00:21 . Memory (MB): peak = 1583.797 ; gain = 22.035 ; free physical = 12186 ; free virtual = 13559

Phase 5.2.2 Post Placement Optimization

Phase 5.2.2.1 Post Placement Timing Optimization
INFO: [Place 30-746] Post Placement Timing Summary WNS=4.727. For the most accurate timing information please run report_timing.
Phase 5.2.2.1 Post Placement Timing Optimization | Checksum: 1ccce5bdf

Time (s): cpu = 00:00:14 ; elapsed = 00:00:22 . Memory (MB): peak = 1583.797 ; gain = 22.035 ; free physical = 12186 ; free virtual = 13559
Phase 5.2.2 Post Placement Optimization | Checksum: 1ccce5bdf

Time (s): cpu = 00:00:14 ; elapsed = 00:00:22 . Memory (MB): peak = 1583.797 ; gain = 22.035 ; free physical = 12186 ; free virtual = 13559
Phase 5.2 Post Commit Optimization | Checksum: 1ccce5bdf

Time (s): cpu = 00:00:14 ; elapsed = 00:00:22 . Memory (MB): peak = 1583.797 ; gain = 22.035 ; free physical = 12186 ; free virtual = 13559

Phase 5.3 Sweep Clock Roots: Post-Placement
Phase 5.3 Sweep Clock Roots: Post-Placement | Checksum: 1ccce5bdf

Time (s): cpu = 00:00:14 ; elapsed = 00:00:22 . Memory (MB): peak = 1583.797 ; gain = 22.035 ; free physical = 12186 ; free virtual = 13559

Phase 5.4 Post Placement Cleanup
Phase 5.4 Post Placement Cleanup | Checksum: 1ccce5bdf

Time (s): cpu = 00:00:14 ; elapsed = 00:00:22 . Memory (MB): peak = 1583.797 ; gain = 22.035 ; free physical = 12186 ; free virtual = 13559

Phase 5.5 Placer Reporting

Phase 5.5.1 Restore STA
Phase 5.5.1 Restore STA | Checksum: 1ccce5bdf

Time (s): cpu = 00:00:14 ; elapsed = 00:00:22 . Memory (MB): peak = 1583.797 ; gain = 22.035 ; free physical = 12186 ; free virtual = 13559
Phase 5.5 Placer Reporting | Checksum: 1ccce5bdf

Time (s): cpu = 00:00:14 ; elapsed = 00:00:22 . Memory (MB): peak = 1583.797 ; gain = 22.035 ; free physical = 12186 ; free virtual = 13559

Phase 5.6 Final Placement Cleanup
Phase 5.6 Final Placement Cleanup | Checksum: 1dc14662a

Time (s): cpu = 00:00:14 ; elapsed = 00:00:22 . Memory (MB): peak = 1583.797 ; gain = 22.035 ; free physical = 12186 ; free virtual = 13559
Phase 5 Post Placement Optimization and Clean-Up | Checksum: 1dc14662a

Time (s): cpu = 00:00:14 ; elapsed = 00:00:22 . Memory (MB): peak = 1583.797 ; gain = 22.035 ; free physical = 12186 ; free virtual = 13559
Ending Placer Task | Checksum: 122c90fd2

Time (s): cpu = 00:00:14 ; elapsed = 00:00:22 . Memory (MB): peak = 1583.797 ; gain = 22.035 ; free physical = 12186 ; free virtual = 13559
INFO: [Common 17-83] Releasing license: Implementation
44 Infos, 21 Warnings, 0 Critical Warnings and 0 Errors encountered.
place_design completed successfully
place_design: Time (s): cpu = 00:00:16 ; elapsed = 00:00:28 . Memory (MB): peak = 1583.797 ; gain = 23.035 ; free physical = 12186 ; free virtual = 13559
