Command: route_design
Attempting to get a license for feature 'Implementation' and/or device 'xc7z020'
INFO: [Common 17-349] Got license for feature 'Implementation' and/or device 'xc7z020'
Running DRC as a precondition to command route_design
INFO: [Drc 23-27] Running DRC with 4 threads
INFO: [Vivado_Tcl 4-198] DRC finished with 0 Errors
INFO: [Vivado_Tcl 4-199] Please refer to the DRC report (report_drc) for more information.


Starting Routing Task
INFO: [Route 35-254] Multithreading enabled for route_design using a maximum of 4 CPUs

Phase 1 Build RT Design
Phase 1 Build RT Design | Checksum: 10307d49e

Time (s): cpu = 00:00:32 ; elapsed = 00:00:27 . Memory (MB): peak = 1672.469 ; gain = 88.434 ; free physical = 12037 ; free virtual = 13412

Phase 2 Router Initialization

Phase 2.1 Create Timer
Phase 2.1 Create Timer | Checksum: 10307d49e

Time (s): cpu = 00:00:32 ; elapsed = 00:00:27 . Memory (MB): peak = 1672.473 ; gain = 88.438 ; free physical = 12037 ; free virtual = 13411

Phase 2.2 Pre Route Cleanup
Phase 2.2 Pre Route Cleanup | Checksum: 10307d49e

Time (s): cpu = 00:00:32 ; elapsed = 00:00:27 . Memory (MB): peak = 1686.469 ; gain = 102.434 ; free physical = 12023 ; free virtual = 13398

Phase 2.3 Update Timing
Phase 2.3 Update Timing | Checksum: 209cfaa89

Time (s): cpu = 00:00:34 ; elapsed = 00:00:29 . Memory (MB): peak = 1711.523 ; gain = 127.488 ; free physical = 11995 ; free virtual = 13370
INFO: [Route 35-57] Estimated Timing Summary | WNS=4.83   | TNS=0      | WHS=-0.165 | THS=-39.1  |

Phase 2 Router Initialization | Checksum: 1c9984190

Time (s): cpu = 00:00:34 ; elapsed = 00:00:29 . Memory (MB): peak = 1711.523 ; gain = 127.488 ; free physical = 11967 ; free virtual = 13342

Phase 3 Initial Routing
Phase 3 Initial Routing | Checksum: b201ef43

Time (s): cpu = 00:00:35 ; elapsed = 00:00:29 . Memory (MB): peak = 1711.523 ; gain = 127.488 ; free physical = 11946 ; free virtual = 13321

Phase 4 Rip-up And Reroute

Phase 4.1 Global Iteration 0
 Number of Nodes with overlaps = 119
 Number of Nodes with overlaps = 0

Phase 4.1.1 Update Timing
Phase 4.1.1 Update Timing | Checksum: 1973fd325

Time (s): cpu = 00:00:44 ; elapsed = 00:00:33 . Memory (MB): peak = 1711.523 ; gain = 127.488 ; free physical = 11863 ; free virtual = 13238
INFO: [Route 35-57] Estimated Timing Summary | WNS=3.77   | TNS=0      | WHS=N/A    | THS=N/A    |

Phase 4.1 Global Iteration 0 | Checksum: 1022dc5c8

Time (s): cpu = 00:00:44 ; elapsed = 00:00:33 . Memory (MB): peak = 1711.523 ; gain = 127.488 ; free physical = 11863 ; free virtual = 13238

Phase 4.2 Global Iteration 1
 Number of Nodes with overlaps = 1
 Number of Nodes with overlaps = 0

Phase 4.2.1 Update Timing
Phase 4.2.1 Update Timing | Checksum: 1b6e9bc75

Time (s): cpu = 00:00:45 ; elapsed = 00:00:33 . Memory (MB): peak = 1711.523 ; gain = 127.488 ; free physical = 11863 ; free virtual = 13238
INFO: [Route 35-57] Estimated Timing Summary | WNS=3.77   | TNS=0      | WHS=N/A    | THS=N/A    |

Phase 4.2 Global Iteration 1 | Checksum: 16832cb2f

Time (s): cpu = 00:00:45 ; elapsed = 00:00:33 . Memory (MB): peak = 1711.523 ; gain = 127.488 ; free physical = 11863 ; free virtual = 13238
Phase 4 Rip-up And Reroute | Checksum: 16832cb2f

Time (s): cpu = 00:00:45 ; elapsed = 00:00:33 . Memory (MB): peak = 1711.523 ; gain = 127.488 ; free physical = 11863 ; free virtual = 13238

Phase 5 Delay CleanUp

Phase 5.1 Update Timing
Phase 5.1 Update Timing | Checksum: 16b706413

Time (s): cpu = 00:00:45 ; elapsed = 00:00:33 . Memory (MB): peak = 1711.523 ; gain = 127.488 ; free physical = 11863 ; free virtual = 13237
INFO: [Route 35-57] Estimated Timing Summary | WNS=3.92   | TNS=0      | WHS=N/A    | THS=N/A    |

Phase 5 Delay CleanUp | Checksum: 16b706413

Time (s): cpu = 00:00:45 ; elapsed = 00:00:33 . Memory (MB): peak = 1711.523 ; gain = 127.488 ; free physical = 11863 ; free virtual = 13237

Phase 6 Clock Skew Optimization
Phase 6 Clock Skew Optimization | Checksum: 16b706413

Time (s): cpu = 00:00:45 ; elapsed = 00:00:33 . Memory (MB): peak = 1711.523 ; gain = 127.488 ; free physical = 11863 ; free virtual = 13237

Phase 7 Post Hold Fix

Phase 7.1 Update Timing
Phase 7.1 Update Timing | Checksum: 18aba8ab1

Time (s): cpu = 00:00:45 ; elapsed = 00:00:33 . Memory (MB): peak = 1711.523 ; gain = 127.488 ; free physical = 11855 ; free virtual = 13230
INFO: [Route 35-57] Estimated Timing Summary | WNS=3.92   | TNS=0      | WHS=0.076  | THS=0      |

Phase 7 Post Hold Fix | Checksum: 225f993bd

Time (s): cpu = 00:00:45 ; elapsed = 00:00:33 . Memory (MB): peak = 1711.523 ; gain = 127.488 ; free physical = 11855 ; free virtual = 13230

Phase 8 Route finalize

Router Utilization Summary
  Global Vertical Routing Utilization    = 0.189448 %
  Global Horizontal Routing Utilization  = 0.220166 %
  Routable Net Status*
  *Does not include unroutable nets such as driverless and loadless.
  Run report_route_status for detailed report.
  Number of Failed Nets               = 0
  Number of Unrouted Nets             = 0
  Number of Partially Routed Nets     = 0
  Number of Node Overlaps             = 0

Phase 8 Route finalize | Checksum: 23871f99d

Time (s): cpu = 00:00:45 ; elapsed = 00:00:33 . Memory (MB): peak = 1711.523 ; gain = 127.488 ; free physical = 11853 ; free virtual = 13228

Phase 9 Verifying routed nets

 Verification completed successfully
Phase 9 Verifying routed nets | Checksum: 23871f99d

Time (s): cpu = 00:00:45 ; elapsed = 00:00:33 . Memory (MB): peak = 1711.523 ; gain = 127.488 ; free physical = 11849 ; free virtual = 13224

Phase 10 Depositing Routes
Phase 10 Depositing Routes | Checksum: 194e1ac2c

Time (s): cpu = 00:00:45 ; elapsed = 00:00:34 . Memory (MB): peak = 1711.523 ; gain = 127.488 ; free physical = 11849 ; free virtual = 13224

Phase 11 Post Router Timing
INFO: [Route 35-57] Estimated Timing Summary | WNS=3.92   | TNS=0      | WHS=0.076  | THS=0      |

INFO: [Route 35-327] The final timing numbers are based on the router estimated timing analysis. For a complete and accurate timing signoff, please run report_timing_summary.
Phase 11 Post Router Timing | Checksum: 194e1ac2c

Time (s): cpu = 00:00:45 ; elapsed = 00:00:34 . Memory (MB): peak = 1711.523 ; gain = 127.488 ; free physical = 11849 ; free virtual = 13224
INFO: [Route 35-16] Router Completed Successfully

Routing Is Done.

Time (s): cpu = 00:00:45 ; elapsed = 00:00:34 . Memory (MB): peak = 1711.523 ; gain = 127.488 ; free physical = 11849 ; free virtual = 13224
INFO: [Common 17-83] Releasing license: Implementation
64 Infos, 21 Warnings, 0 Critical Warnings and 0 Errors encountered.
route_design completed successfully
route_design: Time (s): cpu = 00:00:48 ; elapsed = 00:00:40 . Memory (MB): peak = 1711.523 ; gain = 127.488 ; free physical = 11849 ; free virtual = 13224
