Copyright 1986-2014 Xilinx, Inc. All Rights Reserved.
--------------------------------------------------------------------------------------------------
| Tool Version      : Vivado v.2014.4 (lin64) Build 1071353 Tue Nov 18 16:47:07 MST 2014
| Date              : Wed Mar 25 12:53:04 2015
| Host              : sena running 64-bit Ubuntu 14.04.2 LTS
| Command           : report_timing_summary -file ./Impl/TopDown/top-post-link-timing-summary.rpt
| Design            : mkZynqTop
| Device            : 7z020-clg484
| Speed File        : -1  PRODUCTION 1.11 2014-09-11
| Temperature Grade : C
--------------------------------------------------------------------------------------------------

Timing Summary Report

------------------------------------------------------------------------------------------------
| Timer Settings
| --------------
------------------------------------------------------------------------------------------------

  Enable Multi Corner Analysis               :  Yes
  Enable Pessimism Removal                   :  Yes
  Pessimism Removal Resolution               :  Nearest Common Node
  Enable Input Delay Default Clock           :  No
  Enable Preset / Clear Arcs                 :  No
  Disable Flight Delays                      :  No

  Corner  Analyze    Analyze    
  Name    Max Paths  Min Paths  
  ------  ---------  ---------  
  Slow    Yes        Yes        
  Fast    Yes        Yes        



check_timing report

Table of Contents
-----------------
1. checking no_clock
2. checking constant_clock
3. checking pulse_width_clock
4. checking unconstrained_internal_endpoints
5. checking no_input_delay
6. checking no_output_delay
7. checking multiple_clock
8. checking generated_clocks
9. checking loops
10. checking partial_input_delay
11. checking partial_output_delay
12. checking unexpandable_clocks
13. checking latch_loops

1. checking no_clock
--------------------
 There are 0 register/latch pins with no clock.


2. checking constant_clock
--------------------------
 There are 0 register/latch pins with constant_clock.


3. checking pulse_width_clock
-----------------------------
 There are 2 register/latch pins which need pulse_width check. (LOW)


4. checking unconstrained_internal_endpoints
--------------------------------------------
 There are 0 pins that are not constrained for maximum delay.

 There are 0 pins that are not constrained for maximum delay due to constant clock.


5. checking no_input_delay
--------------------------
 There are 0 input ports with no input delay specified.

 There are 0 input ports with no input delay but user has a false path constraint.


6. checking no_output_delay
---------------------------
 There are 8 ports with no output delay specified. (HIGH)

 There are 0 ports with no output delay but user has a false path constraint

 There are 0 ports with no output delay but with a timing clock defined on it or propagating through it


7. checking multiple_clock
--------------------------
 There are 0 register/latch pins with multiple clocks.


8. checking generated_clocks
----------------------------
 There are 0 generated clocks that are not connected to a clock source.


9. checking loops
-----------------
 There are 0 combinational loops in the design.


10. checking partial_input_delay
--------------------------------
 There are 0 input ports with partial input delay specified.


11. checking partial_output_delay
---------------------------------
 There are 0 ports with partial output delay specified.


12. checking unexpandable_clocks
--------------------------------
 There are 0 unexpandable clock pairs.


13. checking latch_loops
------------------------
 There are 0 combinational latch loops in the design through latch input



------------------------------------------------------------------------------------------------
| Design Timing Summary
| ---------------------
------------------------------------------------------------------------------------------------

    WNS(ns)      TNS(ns)  TNS Failing Endpoints  TNS Total Endpoints      WHS(ns)      THS(ns)  THS Failing Endpoints  THS Total Endpoints     WPWS(ns)     TPWS(ns)  TPWS Failing Endpoints  TPWS Total Endpoints  
    -------      -------  ---------------------  -------------------      -------      -------  ---------------------  -------------------     --------     --------  ----------------------  --------------------  
      3.618        0.000                      0                 1742        0.199        0.000                      0                 1742        0.264        0.000                       0                   888  


All user specified timing constraints are met.


------------------------------------------------------------------------------------------------
| Clock Summary
| -------------
------------------------------------------------------------------------------------------------

Clock                        Waveform(ns)         Period(ns)      Frequency(MHz)
-----                        ------------         ----------      --------------
clk_fpga_0                   {0.000 5.000}        10.000          100.000         
  ps7_clockGen_pll_CLKFBOUT  {0.000 5.000}        10.000          100.000         
  ps7_clockGen_pll_CLKOUT0   {0.000 2.500}        5.000           200.000         
  ps7_clockGen_pll_CLKOUT0B  {2.500 5.000}        5.000           200.000         
  ps7_clockGen_pll_CLKOUT1   {0.000 5.000}        10.000          100.000         
  ps7_clockGen_pll_CLKOUT1B  {5.000 10.000}       10.000          100.000         
  ps7_clockGen_pll_CLKOUT2   {0.000 5.000}        10.000          100.000         
  ps7_clockGen_pll_CLKOUT2B  {5.000 10.000}       10.000          100.000         
  ps7_clockGen_pll_CLKOUT3   {0.000 5.000}        10.000          100.000         
  ps7_clockGen_pll_CLKOUT3B  {5.000 10.000}       10.000          100.000         
  ps7_clockGen_pll_CLKOUT4   {0.000 5.000}        10.000          100.000         
  ps7_clockGen_pll_CLKOUT5   {0.000 5.000}        10.000          100.000         
  ps7_clockGen_pll_CLKOUT6   {0.000 5.000}        10.000          100.000         
clk_fpga_1                   {0.000 3.000}        6.000           166.667         
clk_fpga_3                   {0.000 2.500}        5.000           200.000         


------------------------------------------------------------------------------------------------
| Intra Clock Table
| -----------------
------------------------------------------------------------------------------------------------

Clock                            WNS(ns)      TNS(ns)  TNS Failing Endpoints  TNS Total Endpoints      WHS(ns)      THS(ns)  THS Failing Endpoints  THS Total Endpoints     WPWS(ns)     TPWS(ns)  TPWS Failing Endpoints  TPWS Total Endpoints  
-----                            -------      -------  ---------------------  -------------------      -------      -------  ---------------------  -------------------     --------     --------  ----------------------  --------------------  
clk_fpga_0                         5.489        0.000                      0                 1740        0.199        0.000                      0                 1740        3.750        0.000                       0                   854  
  ps7_clockGen_pll_CLKFBOUT                                                                                                                                                    7.845        0.000                       0                     3  
  ps7_clockGen_pll_CLKOUT0         3.831        0.000                      0                    1        0.275        0.000                      0                    1        2.000        0.000                       0                     4  
  ps7_clockGen_pll_CLKOUT0B                                                                                                                                                    2.845        0.000                       0                     2  
  ps7_clockGen_pll_CLKOUT1                                                                                                                                                     7.845        0.000                       0                     2  
  ps7_clockGen_pll_CLKOUT1B                                                                                                                                                    7.845        0.000                       0                     2  
  ps7_clockGen_pll_CLKOUT2                                                                                                                                                     7.845        0.000                       0                     2  
  ps7_clockGen_pll_CLKOUT2B                                                                                                                                                    7.845        0.000                       0                     2  
  ps7_clockGen_pll_CLKOUT3                                                                                                                                                     7.845        0.000                       0                     2  
  ps7_clockGen_pll_CLKOUT3B                                                                                                                                                    7.845        0.000                       0                     2  
  ps7_clockGen_pll_CLKOUT4                                                                                                                                                     7.845        0.000                       0                     2  
  ps7_clockGen_pll_CLKOUT5                                                                                                                                                     7.845        0.000                       0                     2  
  ps7_clockGen_pll_CLKOUT6                                                                                                                                                     7.845        0.000                       0                     2  
clk_fpga_1                                                                                                                                                                     3.845        0.000                       0                     2  
clk_fpga_3                         3.618        0.000                      0                    1        0.275        0.000                      0                    1        0.264        0.000                       0                     5  


------------------------------------------------------------------------------------------------
| Inter Clock Table
| -----------------
------------------------------------------------------------------------------------------------

From Clock    To Clock          WNS(ns)      TNS(ns)  TNS Failing Endpoints  TNS Total Endpoints      WHS(ns)      THS(ns)  THS Failing Endpoints  THS Total Endpoints  
----------    --------          -------      -------  ---------------------  -------------------      -------      -------  ---------------------  -------------------  


------------------------------------------------------------------------------------------------
| Other Path Groups Table
| -----------------------
------------------------------------------------------------------------------------------------

Path Group    From Clock    To Clock          WNS(ns)      TNS(ns)  TNS Failing Endpoints  TNS Total Endpoints      WHS(ns)      THS(ns)  THS Failing Endpoints  THS Total Endpoints  
----------    ----------    --------          -------      -------  ---------------------  -------------------      -------      -------  ---------------------  -------------------  


------------------------------------------------------------------------------------------------
| Timing Details
| --------------
------------------------------------------------------------------------------------------------


---------------------------------------------------------------------------------------------------
From Clock:  clk_fpga_0
  To Clock:  clk_fpga_0

Setup :            0  Failing Endpoints,  Worst Slack        5.489ns,  Total Violation        0.000ns
Hold  :            0  Failing Endpoints,  Worst Slack        0.199ns,  Total Violation        0.000ns
PW    :            0  Failing Endpoints,  Worst Slack        3.750ns,  Total Violation        0.000ns
---------------------------------------------------------------------------------------------------


Max Delay Paths
--------------------------------------------------------------------------------------
Slack (MET) :             5.489ns  (required time - arrival time)
  Source:                 ps7_ps7_foo/MAXIGP0ACLK
                            (rising edge-triggered cell PS7 clocked by clk_fpga_0  {rise@0.000ns fall@5.000ns period=10.000ns})
  Destination:            ps7_ps7_foo/MAXIGP0WREADY
                            (rising edge-triggered cell PS7 clocked by clk_fpga_0  {rise@0.000ns fall@5.000ns period=10.000ns})
  Path Group:             clk_fpga_0
  Path Type:              Setup (Max at Slow Process Corner)
  Requirement:            10.000ns  (clk_fpga_0 rise@10.000ns - clk_fpga_0 rise@0.000ns)
  Data Path Delay:        3.082ns  (logic 1.482ns (48.090%)  route 1.600ns (51.910%))
  Logic Levels:           1  (LUT3=1)
  Clock Path Skew:        -0.040ns (DCD - SCD + CPR)
    Destination Clock Delay (DCD):    0.851ns = ( 10.851 - 10.000 ) 
    Source Clock Delay      (SCD):    0.901ns
    Clock Pessimism Removal (CPR):    0.010ns
  Clock Uncertainty:      0.302ns  ((TSJ^2 + TIJ^2)^1/2 + DJ) / 2 + PE
    Total System Jitter     (TSJ):    0.071ns
    Total Input Jitter      (TIJ):    0.600ns
    Discrete Jitter          (DJ):    0.000ns
    Phase Error              (PE):    0.000ns

    Location             Delay type                Incr(ns)  Path(ns)    Netlist Resource(s)
  -------------------------------------------------------------------    -------------------
                         (clock clk_fpga_0 rise edge)
                                                      0.000     0.000 r  
    PS7_X0Y0             PS7                          0.000     0.000 r  ps7_ps7_foo/FCLKCLK[0]
                         net (fo=1, unplaced)         0.000     0.000    ps7_b2c_0_OUT1
                         BUFG (Prop_bufg_I_O)         0.101     0.101 r  ps7_fclk_0_c/O
                         net (fo=862, unplaced)       0.800     0.901    CLK_deleteme_unused_clock_OBUF
    PS7_X0Y0                                                          r  ps7_ps7_foo/MAXIGP0ACLK
  -------------------------------------------------------------------    -------------------
    PS7_X0Y0             PS7 (Prop_ps7_MAXIGP0ACLK_MAXIGP0WVALID)
                                                      1.334     2.235 r  ps7_ps7_foo/MAXIGP0WVALID
                         net (fo=5, unplaced)         0.800     3.035    top_ctrl_mux_rv_ws/ps7_ps7_foo_MAXIGP0WVALID
                         LUT3 (Prop_lut3_I0_O)        0.148     3.183 r  top_ctrl_mux_rv_ws/ps7_ps7_foo_i_5/O
                         net (fo=1, unplaced)         0.800     3.983    ps7_ps7_foo_MAXIGP0WREADY
    PS7_X0Y0             PS7                                          r  ps7_ps7_foo/MAXIGP0WREADY
  -------------------------------------------------------------------    -------------------

                         (clock clk_fpga_0 rise edge)
                                                     10.000    10.000 r  
    PS7_X0Y0             PS7                          0.000    10.000 r  ps7_ps7_foo/FCLKCLK[0]
                         net (fo=1, unplaced)         0.000    10.000    ps7_b2c_0_OUT1
                         BUFG (Prop_bufg_I_O)         0.091    10.091 r  ps7_fclk_0_c/O
                         net (fo=862, unplaced)       0.760    10.851    CLK_deleteme_unused_clock_OBUF
    PS7_X0Y0                                                          r  ps7_ps7_foo/MAXIGP0ACLK
                         clock pessimism              0.010    10.861    
                         clock uncertainty           -0.302    10.559    
    PS7_X0Y0             PS7 (Setup_ps7_MAXIGP0ACLK_MAXIGP0WREADY)
                                                     -1.087     9.472    ps7_ps7_foo
  -------------------------------------------------------------------
                         required time                          9.472    
                         arrival time                          -3.983    
  -------------------------------------------------------------------
                         slack                                  5.489    





Min Delay Paths
--------------------------------------------------------------------------------------
Slack (MET) :             0.199ns  (arrival time - required time)
  Source:                 top_lLedControllerRequestInputPipes/setLeds_requestFifo_fifo/D_OUT_reg[2]/C
                            (rising edge-triggered cell FDRE clocked by clk_fpga_0  {rise@0.000ns fall@5.000ns period=10.000ns})
  Destination:            top_lLedController_ledsCmdFifo/arr_reg_0_31_0_5/RAMB/I
                            (rising edge-triggered cell RAMD32 clocked by clk_fpga_0  {rise@0.000ns fall@5.000ns period=10.000ns})
  Path Group:             clk_fpga_0
  Path Type:              Hold (Min at Fast Process Corner)
  Requirement:            0.000ns  (clk_fpga_0 rise@0.000ns - clk_fpga_0 rise@0.000ns)
  Data Path Delay:        0.310ns  (logic 0.164ns (52.930%)  route 0.146ns (47.070%))
  Logic Levels:           0  
  Clock Path Skew:        0.018ns (DCD - SCD - CPR)
    Destination Clock Delay (DCD):    0.384ns
    Source Clock Delay      (SCD):    0.363ns
    Clock Pessimism Removal (CPR):    0.003ns

    Location             Delay type                Incr(ns)  Path(ns)    Netlist Resource(s)
  -------------------------------------------------------------------    -------------------
                         (clock clk_fpga_0 rise edge)
                                                      0.000     0.000 r  
    PS7_X0Y0             PS7                          0.000     0.000 r  ps7_ps7_foo/FCLKCLK[0]
                         net (fo=1, unplaced)         0.000     0.000    ps7_b2c_0_OUT1
                         BUFG (Prop_bufg_I_O)         0.026     0.026 r  ps7_fclk_0_c/O
                         net (fo=862, unplaced)       0.337     0.363    top_lLedControllerRequestInputPipes/setLeds_requestFifo_fifo/CLK_deleteme_unused_clock_OBUF
                                                                      r  top_lLedControllerRequestInputPipes/setLeds_requestFifo_fifo/D_OUT_reg[2]/C
  -------------------------------------------------------------------    -------------------
                         FDRE (Prop_fdre_C_Q)         0.164     0.527 r  top_lLedControllerRequestInputPipes/setLeds_requestFifo_fifo/D_OUT_reg[2]/Q
                         net (fo=2, unplaced)         0.146     0.673    top_lLedController_ledsCmdFifo/arr_reg_0_31_0_5/DIB0
                         RAMD32                                       r  top_lLedController_ledsCmdFifo/arr_reg_0_31_0_5/RAMB/I
  -------------------------------------------------------------------    -------------------

                         (clock clk_fpga_0 rise edge)
                                                      0.000     0.000 r  
    PS7_X0Y0             PS7                          0.000     0.000 r  ps7_ps7_foo/FCLKCLK[0]
                         net (fo=1, unplaced)         0.000     0.000    ps7_b2c_0_OUT1
                         BUFG (Prop_bufg_I_O)         0.029     0.029 r  ps7_fclk_0_c/O
                         net (fo=862, unplaced)       0.355     0.384    top_lLedController_ledsCmdFifo/arr_reg_0_31_0_5/WCLK
                                                                      r  top_lLedController_ledsCmdFifo/arr_reg_0_31_0_5/RAMB/CLK
                         clock pessimism             -0.003     0.381    
                         RAMD32 (Hold_ramd32_CLK_I)
                                                      0.093     0.474    top_lLedController_ledsCmdFifo/arr_reg_0_31_0_5/RAMB
  -------------------------------------------------------------------
                         required time                         -0.474    
                         arrival time                           0.673    
  -------------------------------------------------------------------
                         slack                                  0.199    





Pulse Width Checks
--------------------------------------------------------------------------------------
Clock Name:         clk_fpga_0
Waveform:           { 0 5 }
Period:             10.000
Sources:            { ps7_ps7_foo/FCLKCLK[0] }

Check Type        Corner  Lib Pin            Reference Pin  Required  Actual  Slack   Location  Pin                                                       
Min Period        n/a     BUFG/I             n/a            2.155     10.000  7.845             ps7_fclk_0_c/I                                            
Max Period        n/a     MMCME2_ADV/CLKIN1  n/a            100.000   10.000  90.000            ps7_clockGen_pll/CLKIN1                                   
Low Pulse Width   Slow    RAMD32/CLK         n/a            1.250     5.000   3.750             top_lLedController_ledsCmdFifo/arr_reg_0_31_0_5/RAMA/CLK  
High Pulse Width  Slow    RAMD32/CLK         n/a            1.250     5.000   3.750             top_lLedController_ledsCmdFifo/arr_reg_0_31_0_5/RAMA/CLK  



---------------------------------------------------------------------------------------------------
From Clock:  ps7_clockGen_pll_CLKFBOUT
  To Clock:  ps7_clockGen_pll_CLKFBOUT

Setup :           NA  Failing Endpoints,  Worst Slack           NA  ,  Total Violation           NA
Hold  :           NA  Failing Endpoints,  Worst Slack           NA  ,  Total Violation           NA
PW    :            0  Failing Endpoints,  Worst Slack        7.845ns,  Total Violation        0.000ns
---------------------------------------------------------------------------------------------------


Pulse Width Checks
--------------------------------------------------------------------------------------
Clock Name:         ps7_clockGen_pll_CLKFBOUT
Waveform:           { 0 5 }
Period:             10.000
Sources:            { ps7_clockGen_pll/CLKFBOUT }

Check Type  Corner  Lib Pin             Reference Pin  Required  Actual  Slack   Location  Pin                          
Min Period  n/a     BUFG/I              n/a            2.155     10.000  7.845             ps7_clockGen_pll_clkfbbuf/I  
Max Period  n/a     MMCME2_ADV/CLKFBIN  n/a            100.000   10.000  90.000            ps7_clockGen_pll/CLKFBIN     



---------------------------------------------------------------------------------------------------
From Clock:  ps7_clockGen_pll_CLKOUT0
  To Clock:  ps7_clockGen_pll_CLKOUT0

Setup :            0  Failing Endpoints,  Worst Slack        3.831ns,  Total Violation        0.000ns
Hold  :            0  Failing Endpoints,  Worst Slack        0.275ns,  Total Violation        0.000ns
PW    :            0  Failing Endpoints,  Worst Slack        2.000ns,  Total Violation        0.000ns
---------------------------------------------------------------------------------------------------


Max Delay Paths
--------------------------------------------------------------------------------------
Slack (MET) :             3.831ns  (required time - arrival time)
  Source:                 ps7_derived_reset_unbuffered/reset_hold_reg[0]/C
                            (rising edge-triggered cell FDCE clocked by ps7_clockGen_pll_CLKOUT0  {rise@0.000ns fall@2.500ns period=5.000ns})
  Destination:            ps7_derived_reset_unbuffered/reset_hold_reg[1]/D
                            (rising edge-triggered cell FDCE clocked by ps7_clockGen_pll_CLKOUT0  {rise@0.000ns fall@2.500ns period=5.000ns})
  Path Group:             ps7_clockGen_pll_CLKOUT0
  Path Type:              Setup (Max at Slow Process Corner)
  Requirement:            5.000ns  (ps7_clockGen_pll_CLKOUT0 rise@5.000ns - ps7_clockGen_pll_CLKOUT0 rise@0.000ns)
  Data Path Delay:        0.853ns  (logic 0.518ns (60.727%)  route 0.335ns (39.273%))
  Logic Levels:           0  
  Clock Path Skew:        -0.040ns (DCD - SCD + CPR)
    Destination Clock Delay (DCD):    0.851ns = ( 5.851 - 5.000 ) 
    Source Clock Delay      (SCD):    0.901ns
    Clock Pessimism Removal (CPR):    0.010ns
  Clock Uncertainty:      0.089ns  ((TSJ^2 + DJ^2)^1/2) / 2 + PE
    Total System Jitter     (TSJ):    0.071ns
    Discrete Jitter          (DJ):    0.164ns
    Phase Error              (PE):    0.000ns

    Location             Delay type                Incr(ns)  Path(ns)    Netlist Resource(s)
  -------------------------------------------------------------------    -------------------
                         (clock ps7_clockGen_pll_CLKOUT0 rise edge)
                                                      0.000     0.000 r  
    PS7_X0Y0             PS7                          0.000     0.000 r  ps7_ps7_foo/FCLKCLK[0]
                         net (fo=1, unplaced)         0.000     0.000    ps7_b2c_0_OUT1
                         BUFG (Prop_bufg_I_O)         0.101     0.101 r  ps7_fclk_0_c/O
                         net (fo=862, unplaced)       0.800     0.901    CLK_deleteme_unused_clock_OBUF
                         MMCME2_ADV (Prop_mmcme2_adv_CLKIN1_CLKOUT0)
                                                     -1.701    -0.800 r  ps7_clockGen_pll/CLKOUT0
                         net (fo=1, unplaced)         0.800     0.000    ps7_clockGen_pll_CLKOUT0
                         BUFG (Prop_bufg_I_O)         0.101     0.101 r  ps7_clockGen_clkout0buffer/O
                         net (fo=2, unplaced)         0.800     0.901    ps7_derived_reset_unbuffered/CLK
                                                                      r  ps7_derived_reset_unbuffered/reset_hold_reg[0]/C
  -------------------------------------------------------------------    -------------------
                         FDCE (Prop_fdce_C_Q)         0.518     1.419 r  ps7_derived_reset_unbuffered/reset_hold_reg[0]/Q
                         net (fo=1, unplaced)         0.335     1.754    ps7_derived_reset_unbuffered/n_0_reset_hold_reg[0]
                         FDCE                                         r  ps7_derived_reset_unbuffered/reset_hold_reg[1]/D
  -------------------------------------------------------------------    -------------------

                         (clock ps7_clockGen_pll_CLKOUT0 rise edge)
                                                      5.000     5.000 r  
    PS7_X0Y0             PS7                          0.000     5.000 r  ps7_ps7_foo/FCLKCLK[0]
                         net (fo=1, unplaced)         0.000     5.000    ps7_b2c_0_OUT1
                         BUFG (Prop_bufg_I_O)         0.091     5.091 r  ps7_fclk_0_c/O
                         net (fo=862, unplaced)       0.760     5.851    CLK_deleteme_unused_clock_OBUF
                         MMCME2_ADV (Prop_mmcme2_adv_CLKIN1_CLKOUT0)
                                                     -1.611     4.240 r  ps7_clockGen_pll/CLKOUT0
                         net (fo=1, unplaced)         0.760     5.000    ps7_clockGen_pll_CLKOUT0
                         BUFG (Prop_bufg_I_O)         0.091     5.091 r  ps7_clockGen_clkout0buffer/O
                         net (fo=2, unplaced)         0.760     5.851    ps7_derived_reset_unbuffered/CLK
                                                                      r  ps7_derived_reset_unbuffered/reset_hold_reg[1]/C
                         clock pessimism              0.010     5.861    
                         clock uncertainty           -0.089     5.771    
                         FDCE (Setup_fdce_C_D)       -0.187     5.584    ps7_derived_reset_unbuffered/reset_hold_reg[1]
  -------------------------------------------------------------------
                         required time                          5.584    
                         arrival time                          -1.754    
  -------------------------------------------------------------------
                         slack                                  3.831    





Min Delay Paths
--------------------------------------------------------------------------------------
Slack (MET) :             0.275ns  (arrival time - required time)
  Source:                 ps7_derived_reset_unbuffered/reset_hold_reg[0]/C
                            (rising edge-triggered cell FDCE clocked by ps7_clockGen_pll_CLKOUT0  {rise@0.000ns fall@2.500ns period=5.000ns})
  Destination:            ps7_derived_reset_unbuffered/reset_hold_reg[1]/D
                            (rising edge-triggered cell FDCE clocked by ps7_clockGen_pll_CLKOUT0  {rise@0.000ns fall@2.500ns period=5.000ns})
  Path Group:             ps7_clockGen_pll_CLKOUT0
  Path Type:              Hold (Min at Fast Process Corner)
  Requirement:            0.000ns  (ps7_clockGen_pll_CLKOUT0 rise@0.000ns - ps7_clockGen_pll_CLKOUT0 rise@0.000ns)
  Data Path Delay:        0.305ns  (logic 0.164ns (53.734%)  route 0.141ns (46.266%))
  Logic Levels:           0  
  Clock Path Skew:        0.018ns (DCD - SCD - CPR)
    Destination Clock Delay (DCD):    0.384ns
    Source Clock Delay      (SCD):    0.363ns
    Clock Pessimism Removal (CPR):    0.003ns

    Location             Delay type                Incr(ns)  Path(ns)    Netlist Resource(s)
  -------------------------------------------------------------------    -------------------
                         (clock ps7_clockGen_pll_CLKOUT0 rise edge)
                                                      0.000     0.000 r  
    PS7_X0Y0             PS7                          0.000     0.000 r  ps7_ps7_foo/FCLKCLK[0]
                         net (fo=1, unplaced)         0.000     0.000    ps7_b2c_0_OUT1
                         BUFG (Prop_bufg_I_O)         0.026     0.026 r  ps7_fclk_0_c/O
                         net (fo=862, unplaced)       0.337     0.363    CLK_deleteme_unused_clock_OBUF
                         MMCME2_ADV (Prop_mmcme2_adv_CLKIN1_CLKOUT0)
                                                     -0.700    -0.337 r  ps7_clockGen_pll/CLKOUT0
                         net (fo=1, unplaced)         0.337    -0.000    ps7_clockGen_pll_CLKOUT0
                         BUFG (Prop_bufg_I_O)         0.026     0.026 r  ps7_clockGen_clkout0buffer/O
                         net (fo=2, unplaced)         0.337     0.363    ps7_derived_reset_unbuffered/CLK
                                                                      r  ps7_derived_reset_unbuffered/reset_hold_reg[0]/C
  -------------------------------------------------------------------    -------------------
                         FDCE (Prop_fdce_C_Q)         0.164     0.527 r  ps7_derived_reset_unbuffered/reset_hold_reg[0]/Q
                         net (fo=1, unplaced)         0.141     0.668    ps7_derived_reset_unbuffered/n_0_reset_hold_reg[0]
                         FDCE                                         r  ps7_derived_reset_unbuffered/reset_hold_reg[1]/D
  -------------------------------------------------------------------    -------------------

                         (clock ps7_clockGen_pll_CLKOUT0 rise edge)
                                                      0.000     0.000 r  
    PS7_X0Y0             PS7                          0.000     0.000 r  ps7_ps7_foo/FCLKCLK[0]
                         net (fo=1, unplaced)         0.000     0.000    ps7_b2c_0_OUT1
                         BUFG (Prop_bufg_I_O)         0.029     0.029 r  ps7_fclk_0_c/O
                         net (fo=862, unplaced)       0.355     0.384    CLK_deleteme_unused_clock_OBUF
                         MMCME2_ADV (Prop_mmcme2_adv_CLKIN1_CLKOUT0)
                                                     -0.739    -0.355 r  ps7_clockGen_pll/CLKOUT0
                         net (fo=1, unplaced)         0.355     0.000    ps7_clockGen_pll_CLKOUT0
                         BUFG (Prop_bufg_I_O)         0.029     0.029 r  ps7_clockGen_clkout0buffer/O
                         net (fo=2, unplaced)         0.355     0.384    ps7_derived_reset_unbuffered/CLK
                                                                      r  ps7_derived_reset_unbuffered/reset_hold_reg[1]/C
                         clock pessimism             -0.003     0.381    
                         FDCE (Hold_fdce_C_D)         0.012     0.393    ps7_derived_reset_unbuffered/reset_hold_reg[1]
  -------------------------------------------------------------------
                         required time                         -0.393    
                         arrival time                           0.668    
  -------------------------------------------------------------------
                         slack                                  0.275    





Pulse Width Checks
--------------------------------------------------------------------------------------
Clock Name:         ps7_clockGen_pll_CLKOUT0
Waveform:           { 0 2.5 }
Period:             5.000
Sources:            { ps7_clockGen_pll/CLKOUT0 }

Check Type        Corner  Lib Pin             Reference Pin  Required  Actual  Slack    Location  Pin                                               
Min Period        n/a     BUFG/I              n/a            2.155     5.000   2.845              ps7_clockGen_clkout0buffer/I                      
Max Period        n/a     MMCME2_ADV/CLKOUT0  n/a            213.360   5.000   208.360            ps7_clockGen_pll/CLKOUT0                          
Low Pulse Width   Slow    FDCE/C              n/a            0.500     2.500   2.000              ps7_derived_reset_unbuffered/reset_hold_reg[0]/C  
High Pulse Width  Fast    FDCE/C              n/a            0.500     2.500   2.000              ps7_derived_reset_unbuffered/reset_hold_reg[0]/C  



---------------------------------------------------------------------------------------------------
From Clock:  ps7_clockGen_pll_CLKOUT0B
  To Clock:  ps7_clockGen_pll_CLKOUT0B

Setup :           NA  Failing Endpoints,  Worst Slack           NA  ,  Total Violation           NA
Hold  :           NA  Failing Endpoints,  Worst Slack           NA  ,  Total Violation           NA
PW    :            0  Failing Endpoints,  Worst Slack        2.845ns,  Total Violation        0.000ns
---------------------------------------------------------------------------------------------------


Pulse Width Checks
--------------------------------------------------------------------------------------
Clock Name:         ps7_clockGen_pll_CLKOUT0B
Waveform:           { 2.5 5 }
Period:             5.000
Sources:            { ps7_clockGen_pll/CLKOUT0B }

Check Type  Corner  Lib Pin              Reference Pin  Required  Actual  Slack    Location  Pin                            
Min Period  n/a     BUFG/I               n/a            2.155     5.000   2.845              ps7_clockGen_clkout0nbuffer/I  
Max Period  n/a     MMCME2_ADV/CLKOUT0B  n/a            213.360   5.000   208.360            ps7_clockGen_pll/CLKOUT0B      



---------------------------------------------------------------------------------------------------
From Clock:  ps7_clockGen_pll_CLKOUT1
  To Clock:  ps7_clockGen_pll_CLKOUT1

Setup :           NA  Failing Endpoints,  Worst Slack           NA  ,  Total Violation           NA
Hold  :           NA  Failing Endpoints,  Worst Slack           NA  ,  Total Violation           NA
PW    :            0  Failing Endpoints,  Worst Slack        7.845ns,  Total Violation        0.000ns
---------------------------------------------------------------------------------------------------


Pulse Width Checks
--------------------------------------------------------------------------------------
Clock Name:         ps7_clockGen_pll_CLKOUT1
Waveform:           { 0 5 }
Period:             10.000
Sources:            { ps7_clockGen_pll/CLKOUT1 }

Check Type  Corner  Lib Pin             Reference Pin  Required  Actual  Slack    Location  Pin                           
Min Period  n/a     BUFG/I              n/a            2.155     10.000  7.845              ps7_clockGen_clkout1buffer/I  
Max Period  n/a     MMCME2_ADV/CLKOUT1  n/a            213.360   10.000  203.360            ps7_clockGen_pll/CLKOUT1      



---------------------------------------------------------------------------------------------------
From Clock:  ps7_clockGen_pll_CLKOUT1B
  To Clock:  ps7_clockGen_pll_CLKOUT1B

Setup :           NA  Failing Endpoints,  Worst Slack           NA  ,  Total Violation           NA
Hold  :           NA  Failing Endpoints,  Worst Slack           NA  ,  Total Violation           NA
PW    :            0  Failing Endpoints,  Worst Slack        7.845ns,  Total Violation        0.000ns
---------------------------------------------------------------------------------------------------


Pulse Width Checks
--------------------------------------------------------------------------------------
Clock Name:         ps7_clockGen_pll_CLKOUT1B
Waveform:           { 5 10 }
Period:             10.000
Sources:            { ps7_clockGen_pll/CLKOUT1B }

Check Type  Corner  Lib Pin              Reference Pin  Required  Actual  Slack    Location  Pin                            
Min Period  n/a     BUFG/I               n/a            2.155     10.000  7.845              ps7_clockGen_clkout1nbuffer/I  
Max Period  n/a     MMCME2_ADV/CLKOUT1B  n/a            213.360   10.000  203.360            ps7_clockGen_pll/CLKOUT1B      



---------------------------------------------------------------------------------------------------
From Clock:  ps7_clockGen_pll_CLKOUT2
  To Clock:  ps7_clockGen_pll_CLKOUT2

Setup :           NA  Failing Endpoints,  Worst Slack           NA  ,  Total Violation           NA
Hold  :           NA  Failing Endpoints,  Worst Slack           NA  ,  Total Violation           NA
PW    :            0  Failing Endpoints,  Worst Slack        7.845ns,  Total Violation        0.000ns
---------------------------------------------------------------------------------------------------


Pulse Width Checks
--------------------------------------------------------------------------------------
Clock Name:         ps7_clockGen_pll_CLKOUT2
Waveform:           { 0 5 }
Period:             10.000
Sources:            { ps7_clockGen_pll/CLKOUT2 }

Check Type  Corner  Lib Pin             Reference Pin  Required  Actual  Slack    Location  Pin                           
Min Period  n/a     BUFG/I              n/a            2.155     10.000  7.845              ps7_clockGen_clkout2buffer/I  
Max Period  n/a     MMCME2_ADV/CLKOUT2  n/a            213.360   10.000  203.360            ps7_clockGen_pll/CLKOUT2      



---------------------------------------------------------------------------------------------------
From Clock:  ps7_clockGen_pll_CLKOUT2B
  To Clock:  ps7_clockGen_pll_CLKOUT2B

Setup :           NA  Failing Endpoints,  Worst Slack           NA  ,  Total Violation           NA
Hold  :           NA  Failing Endpoints,  Worst Slack           NA  ,  Total Violation           NA
PW    :            0  Failing Endpoints,  Worst Slack        7.845ns,  Total Violation        0.000ns
---------------------------------------------------------------------------------------------------


Pulse Width Checks
--------------------------------------------------------------------------------------
Clock Name:         ps7_clockGen_pll_CLKOUT2B
Waveform:           { 5 10 }
Period:             10.000
Sources:            { ps7_clockGen_pll/CLKOUT2B }

Check Type  Corner  Lib Pin              Reference Pin  Required  Actual  Slack    Location  Pin                            
Min Period  n/a     BUFG/I               n/a            2.155     10.000  7.845              ps7_clockGen_clkout2nbuffer/I  
Max Period  n/a     MMCME2_ADV/CLKOUT2B  n/a            213.360   10.000  203.360            ps7_clockGen_pll/CLKOUT2B      



---------------------------------------------------------------------------------------------------
From Clock:  ps7_clockGen_pll_CLKOUT3
  To Clock:  ps7_clockGen_pll_CLKOUT3

Setup :           NA  Failing Endpoints,  Worst Slack           NA  ,  Total Violation           NA
Hold  :           NA  Failing Endpoints,  Worst Slack           NA  ,  Total Violation           NA
PW    :            0  Failing Endpoints,  Worst Slack        7.845ns,  Total Violation        0.000ns
---------------------------------------------------------------------------------------------------


Pulse Width Checks
--------------------------------------------------------------------------------------
Clock Name:         ps7_clockGen_pll_CLKOUT3
Waveform:           { 0 5 }
Period:             10.000
Sources:            { ps7_clockGen_pll/CLKOUT3 }

Check Type  Corner  Lib Pin             Reference Pin  Required  Actual  Slack    Location  Pin                           
Min Period  n/a     BUFG/I              n/a            2.155     10.000  7.845              ps7_clockGen_clkout3buffer/I  
Max Period  n/a     MMCME2_ADV/CLKOUT3  n/a            213.360   10.000  203.360            ps7_clockGen_pll/CLKOUT3      



---------------------------------------------------------------------------------------------------
From Clock:  ps7_clockGen_pll_CLKOUT3B
  To Clock:  ps7_clockGen_pll_CLKOUT3B

Setup :           NA  Failing Endpoints,  Worst Slack           NA  ,  Total Violation           NA
Hold  :           NA  Failing Endpoints,  Worst Slack           NA  ,  Total Violation           NA
PW    :            0  Failing Endpoints,  Worst Slack        7.845ns,  Total Violation        0.000ns
---------------------------------------------------------------------------------------------------


Pulse Width Checks
--------------------------------------------------------------------------------------
Clock Name:         ps7_clockGen_pll_CLKOUT3B
Waveform:           { 5 10 }
Period:             10.000
Sources:            { ps7_clockGen_pll/CLKOUT3B }

Check Type  Corner  Lib Pin              Reference Pin  Required  Actual  Slack    Location  Pin                            
Min Period  n/a     BUFG/I               n/a            2.155     10.000  7.845              ps7_clockGen_clkout3nbuffer/I  
Max Period  n/a     MMCME2_ADV/CLKOUT3B  n/a            213.360   10.000  203.360            ps7_clockGen_pll/CLKOUT3B      



---------------------------------------------------------------------------------------------------
From Clock:  ps7_clockGen_pll_CLKOUT4
  To Clock:  ps7_clockGen_pll_CLKOUT4

Setup :           NA  Failing Endpoints,  Worst Slack           NA  ,  Total Violation           NA
Hold  :           NA  Failing Endpoints,  Worst Slack           NA  ,  Total Violation           NA
PW    :            0  Failing Endpoints,  Worst Slack        7.845ns,  Total Violation        0.000ns
---------------------------------------------------------------------------------------------------


Pulse Width Checks
--------------------------------------------------------------------------------------
Clock Name:         ps7_clockGen_pll_CLKOUT4
Waveform:           { 0 5 }
Period:             10.000
Sources:            { ps7_clockGen_pll/CLKOUT4 }

Check Type  Corner  Lib Pin             Reference Pin  Required  Actual  Slack    Location  Pin                           
Min Period  n/a     BUFG/I              n/a            2.155     10.000  7.845              ps7_clockGen_clkout4buffer/I  
Max Period  n/a     MMCME2_ADV/CLKOUT4  n/a            213.360   10.000  203.360            ps7_clockGen_pll/CLKOUT4      



---------------------------------------------------------------------------------------------------
From Clock:  ps7_clockGen_pll_CLKOUT5
  To Clock:  ps7_clockGen_pll_CLKOUT5

Setup :           NA  Failing Endpoints,  Worst Slack           NA  ,  Total Violation           NA
Hold  :           NA  Failing Endpoints,  Worst Slack           NA  ,  Total Violation           NA
PW    :            0  Failing Endpoints,  Worst Slack        7.845ns,  Total Violation        0.000ns
---------------------------------------------------------------------------------------------------


Pulse Width Checks
--------------------------------------------------------------------------------------
Clock Name:         ps7_clockGen_pll_CLKOUT5
Waveform:           { 0 5 }
Period:             10.000
Sources:            { ps7_clockGen_pll/CLKOUT5 }

Check Type  Corner  Lib Pin             Reference Pin  Required  Actual  Slack    Location  Pin                           
Min Period  n/a     BUFG/I              n/a            2.155     10.000  7.845              ps7_clockGen_clkout5buffer/I  
Max Period  n/a     MMCME2_ADV/CLKOUT5  n/a            213.360   10.000  203.360            ps7_clockGen_pll/CLKOUT5      



---------------------------------------------------------------------------------------------------
From Clock:  ps7_clockGen_pll_CLKOUT6
  To Clock:  ps7_clockGen_pll_CLKOUT6

Setup :           NA  Failing Endpoints,  Worst Slack           NA  ,  Total Violation           NA
Hold  :           NA  Failing Endpoints,  Worst Slack           NA  ,  Total Violation           NA
PW    :            0  Failing Endpoints,  Worst Slack        7.845ns,  Total Violation        0.000ns
---------------------------------------------------------------------------------------------------


Pulse Width Checks
--------------------------------------------------------------------------------------
Clock Name:         ps7_clockGen_pll_CLKOUT6
Waveform:           { 0 5 }
Period:             10.000
Sources:            { ps7_clockGen_pll/CLKOUT6 }

Check Type  Corner  Lib Pin             Reference Pin  Required  Actual  Slack    Location  Pin                           
Min Period  n/a     BUFG/I              n/a            2.155     10.000  7.845              ps7_clockGen_clkout6buffer/I  
Max Period  n/a     MMCME2_ADV/CLKOUT6  n/a            213.360   10.000  203.360            ps7_clockGen_pll/CLKOUT6      



---------------------------------------------------------------------------------------------------
From Clock:  clk_fpga_1
  To Clock:  clk_fpga_1

Setup :           NA  Failing Endpoints,  Worst Slack           NA  ,  Total Violation           NA
Hold  :           NA  Failing Endpoints,  Worst Slack           NA  ,  Total Violation           NA
PW    :            0  Failing Endpoints,  Worst Slack        3.845ns,  Total Violation        0.000ns
---------------------------------------------------------------------------------------------------


Pulse Width Checks
--------------------------------------------------------------------------------------
Clock Name:         clk_fpga_1
Waveform:           { 0 3 }
Period:             6.000
Sources:            { ps7_ps7_foo/FCLKCLK[1] }

Check Type  Corner  Lib Pin  Reference Pin  Required  Actual  Slack  Location  Pin             
Min Period  n/a     BUFG/I   n/a            2.155     6.000   3.845            ps7_fclk_1_c/I  



---------------------------------------------------------------------------------------------------
From Clock:  clk_fpga_3
  To Clock:  clk_fpga_3

Setup :            0  Failing Endpoints,  Worst Slack        3.618ns,  Total Violation        0.000ns
Hold  :            0  Failing Endpoints,  Worst Slack        0.275ns,  Total Violation        0.000ns
PW    :            0  Failing Endpoints,  Worst Slack        0.264ns,  Total Violation        0.000ns
---------------------------------------------------------------------------------------------------


Max Delay Paths
--------------------------------------------------------------------------------------
Slack (MET) :             3.618ns  (required time - arrival time)
  Source:                 ps7_idel_delayed/reset_hold_reg[0]/C
                            (rising edge-triggered cell FDCE clocked by clk_fpga_3  {rise@0.000ns fall@2.500ns period=5.000ns})
  Destination:            ps7_idel_delayed/reset_hold_reg[1]/D
                            (rising edge-triggered cell FDCE clocked by clk_fpga_3  {rise@0.000ns fall@2.500ns period=5.000ns})
  Path Group:             clk_fpga_3
  Path Type:              Setup (Max at Slow Process Corner)
  Requirement:            5.000ns  (clk_fpga_3 rise@5.000ns - clk_fpga_3 rise@0.000ns)
  Data Path Delay:        0.853ns  (logic 0.518ns (60.727%)  route 0.335ns (39.273%))
  Logic Levels:           0  
  Clock Path Skew:        -0.040ns (DCD - SCD + CPR)
    Destination Clock Delay (DCD):    0.851ns = ( 5.851 - 5.000 ) 
    Source Clock Delay      (SCD):    0.901ns
    Clock Pessimism Removal (CPR):    0.010ns
  Clock Uncertainty:      0.302ns  ((TSJ^2 + TIJ^2)^1/2 + DJ) / 2 + PE
    Total System Jitter     (TSJ):    0.071ns
    Total Input Jitter      (TIJ):    0.600ns
    Discrete Jitter          (DJ):    0.000ns
    Phase Error              (PE):    0.000ns

    Location             Delay type                Incr(ns)  Path(ns)    Netlist Resource(s)
  -------------------------------------------------------------------    -------------------
                         (clock clk_fpga_3 rise edge)
                                                      0.000     0.000 r  
    PS7_X0Y0             PS7                          0.000     0.000 r  ps7_ps7_foo/FCLKCLK[3]
                         net (fo=1, unplaced)         0.000     0.000    ps7_b2c_3_OUT1
                         BUFG (Prop_bufg_I_O)         0.101     0.101 r  ps7_fclk_3_c/O
                         net (fo=4, unplaced)         0.800     0.901    ps7_idel_delayed/CLK
                                                                      r  ps7_idel_delayed/reset_hold_reg[0]/C
  -------------------------------------------------------------------    -------------------
                         FDCE (Prop_fdce_C_Q)         0.518     1.419 r  ps7_idel_delayed/reset_hold_reg[0]/Q
                         net (fo=1, unplaced)         0.335     1.754    ps7_idel_delayed/n_0_reset_hold_reg[0]
                         FDCE                                         r  ps7_idel_delayed/reset_hold_reg[1]/D
  -------------------------------------------------------------------    -------------------

                         (clock clk_fpga_3 rise edge)
                                                      5.000     5.000 r  
    PS7_X0Y0             PS7                          0.000     5.000 r  ps7_ps7_foo/FCLKCLK[3]
                         net (fo=1, unplaced)         0.000     5.000    ps7_b2c_3_OUT1
                         BUFG (Prop_bufg_I_O)         0.091     5.091 r  ps7_fclk_3_c/O
                         net (fo=4, unplaced)         0.760     5.851    ps7_idel_delayed/CLK
                                                                      r  ps7_idel_delayed/reset_hold_reg[1]/C
                         clock pessimism              0.010     5.861    
                         clock uncertainty           -0.302     5.559    
                         FDCE (Setup_fdce_C_D)       -0.187     5.372    ps7_idel_delayed/reset_hold_reg[1]
  -------------------------------------------------------------------
                         required time                          5.372    
                         arrival time                          -1.754    
  -------------------------------------------------------------------
                         slack                                  3.618    





Min Delay Paths
--------------------------------------------------------------------------------------
Slack (MET) :             0.275ns  (arrival time - required time)
  Source:                 ps7_idel_delayed/reset_hold_reg[0]/C
                            (rising edge-triggered cell FDCE clocked by clk_fpga_3  {rise@0.000ns fall@2.500ns period=5.000ns})
  Destination:            ps7_idel_delayed/reset_hold_reg[1]/D
                            (rising edge-triggered cell FDCE clocked by clk_fpga_3  {rise@0.000ns fall@2.500ns period=5.000ns})
  Path Group:             clk_fpga_3
  Path Type:              Hold (Min at Fast Process Corner)
  Requirement:            0.000ns  (clk_fpga_3 rise@0.000ns - clk_fpga_3 rise@0.000ns)
  Data Path Delay:        0.305ns  (logic 0.164ns (53.734%)  route 0.141ns (46.266%))
  Logic Levels:           0  
  Clock Path Skew:        0.018ns (DCD - SCD - CPR)
    Destination Clock Delay (DCD):    0.384ns
    Source Clock Delay      (SCD):    0.363ns
    Clock Pessimism Removal (CPR):    0.003ns

    Location             Delay type                Incr(ns)  Path(ns)    Netlist Resource(s)
  -------------------------------------------------------------------    -------------------
                         (clock clk_fpga_3 rise edge)
                                                      0.000     0.000 r  
    PS7_X0Y0             PS7                          0.000     0.000 r  ps7_ps7_foo/FCLKCLK[3]
                         net (fo=1, unplaced)         0.000     0.000    ps7_b2c_3_OUT1
                         BUFG (Prop_bufg_I_O)         0.026     0.026 r  ps7_fclk_3_c/O
                         net (fo=4, unplaced)         0.337     0.363    ps7_idel_delayed/CLK
                                                                      r  ps7_idel_delayed/reset_hold_reg[0]/C
  -------------------------------------------------------------------    -------------------
                         FDCE (Prop_fdce_C_Q)         0.164     0.527 r  ps7_idel_delayed/reset_hold_reg[0]/Q
                         net (fo=1, unplaced)         0.141     0.668    ps7_idel_delayed/n_0_reset_hold_reg[0]
                         FDCE                                         r  ps7_idel_delayed/reset_hold_reg[1]/D
  -------------------------------------------------------------------    -------------------

                         (clock clk_fpga_3 rise edge)
                                                      0.000     0.000 r  
    PS7_X0Y0             PS7                          0.000     0.000 r  ps7_ps7_foo/FCLKCLK[3]
                         net (fo=1, unplaced)         0.000     0.000    ps7_b2c_3_OUT1
                         BUFG (Prop_bufg_I_O)         0.029     0.029 r  ps7_fclk_3_c/O
                         net (fo=4, unplaced)         0.355     0.384    ps7_idel_delayed/CLK
                                                                      r  ps7_idel_delayed/reset_hold_reg[1]/C
                         clock pessimism             -0.003     0.381    
                         FDCE (Hold_fdce_C_D)         0.012     0.393    ps7_idel_delayed/reset_hold_reg[1]
  -------------------------------------------------------------------
                         required time                         -0.393    
                         arrival time                           0.668    
  -------------------------------------------------------------------
                         slack                                  0.275    





Pulse Width Checks
--------------------------------------------------------------------------------------
Clock Name:         clk_fpga_3
Waveform:           { 0 2.5 }
Period:             5.000
Sources:            { ps7_ps7_foo/FCLKCLK[3] }

Check Type        Corner  Lib Pin            Reference Pin  Required  Actual  Slack  Location  Pin                                   
Min Period        n/a     IDELAYCTRL/REFCLK  n/a            3.225     5.000   1.775            ps7_idel/REFCLK                       
Max Period        n/a     IDELAYCTRL/REFCLK  n/a            5.264     5.000   0.264            ps7_idel/REFCLK                       
Low Pulse Width   Slow    FDCE/C             n/a            0.500     2.500   2.000            ps7_idel_delayed/reset_hold_reg[0]/C  
High Pulse Width  Fast    FDCE/C             n/a            0.500     2.500   2.000            ps7_idel_delayed/reset_hold_reg[0]/C  



